To https://github.com/ColeBranston/BookingScript.git
   98dc898..116e945  main -> main
warning: in the working copy of 'error.log', LF will be replaced by CRLF the next time Git touches it
To https://github.com/ColeBranston/BookingScript.git
   116e945..b751bec  main -> main
To https://github.com/ColeBranston/BookingScript.git
   65c2672..6091035  main -> main
warning: in the working copy of 'error.log', LF will be replaced by CRLF the next time Git touches it
To https://github.com/ColeBranston/BookingScript.git
   6091035..4ad58e9  main -> main
To https://github.com/ColeBranston/BookingScript.git
   5c81a2a..6f1ddcb  main -> main
To https://github.com/ColeBranston/BookingScript.git
   dee4496..af681d7  main -> main
To https://github.com/ColeBranston/BookingScript.git
   b76dc60..fef3e5d  main -> main
warning: in the working copy of 'error.log', LF will be replaced by CRLF the next time Git touches it
To https://github.com/ColeBranston/BookingScript.git
 ! [rejected]        main -> main (fetch first)
error: failed to push some refs to 'https://github.com/ColeBranston/BookingScript.git'
hint: Updates were rejected because the remote contains work that you do not
hint: have locally. This is usually caused by another repository pushing to
hint: the same ref. If you want to integrate the remote changes, use
hint: 'git pull' before pushing again.
hint: See the 'Note about fast-forwards' in 'git push --help' for details.
warning: in the working copy of 'error.log', LF will be replaced by CRLF the next time Git touches it
To https://github.com/ColeBranston/BookingScript.git
 ! [rejected]        main -> main (fetch first)
error: failed to push some refs to 'https://github.com/ColeBranston/BookingScript.git'
hint: Updates were rejected because the remote contains work that you do not
hint: have locally. This is usually caused by another repository pushing to
hint: the same ref. If you want to integrate the remote changes, use
hint: 'git pull' before pushing again.
hint: See the 'Note about fast-forwards' in 'git push --help' for details.
warning: in the working copy of 'error.log', LF will be replaced by CRLF the next time Git touches it
To https://github.com/ColeBranston/BookingScript.git
 ! [rejected]        main -> main (fetch first)
error: failed to push some refs to 'https://github.com/ColeBranston/BookingScript.git'
hint: Updates were rejected because the remote contains work that you do not
hint: have locally. This is usually caused by another repository pushing to
hint: the same ref. If you want to integrate the remote changes, use
hint: 'git pull' before pushing again.
hint: See the 'Note about fast-forwards' in 'git push --help' for details.
warning: in the working copy of 'error.log', LF will be replaced by CRLF the next time Git touches it
To https://github.com/ColeBranston/BookingScript.git
 ! [rejected]        main -> main (fetch first)
error: failed to push some refs to 'https://github.com/ColeBranston/BookingScript.git'
hint: Updates were rejected because the remote contains work that you do not
hint: have locally. This is usually caused by another repository pushing to
hint: the same ref. If you want to integrate the remote changes, use
hint: 'git pull' before pushing again.
hint: See the 'Note about fast-forwards' in 'git push --help' for details.
warning: in the working copy of 'error.log', LF will be replaced by CRLF the next time Git touches it
To https://github.com/ColeBranston/BookingScript.git
 ! [rejected]        main -> main (fetch first)
error: failed to push some refs to 'https://github.com/ColeBranston/BookingScript.git'
hint: Updates were rejected because the remote contains work that you do not
hint: have locally. This is usually caused by another repository pushing to
hint: the same ref. If you want to integrate the remote changes, use
hint: 'git pull' before pushing again.
hint: See the 'Note about fast-forwards' in 'git push --help' for details.
warning: in the working copy of 'error.log', LF will be replaced by CRLF the next time Git touches it
To https://github.com/ColeBranston/BookingScript.git
 ! [rejected]        main -> main (fetch first)
error: failed to push some refs to 'https://github.com/ColeBranston/BookingScript.git'
hint: Updates were rejected because the remote contains work that you do not
hint: have locally. This is usually caused by another repository pushing to
hint: the same ref. If you want to integrate the remote changes, use
hint: 'git pull' before pushing again.
hint: See the 'Note about fast-forwards' in 'git push --help' for details.
warning: in the working copy of 'error.log', LF will be replaced by CRLF the next time Git touches it
To https://github.com/ColeBranston/BookingScript.git
   ecdb829..103d571  main -> main
warning: in the working copy of 'error.log', LF will be replaced by CRLF the next time Git touches it
To https://github.com/ColeBranston/BookingScript.git
   103d571..51817c9  main -> main
To https://github.com/ColeBranston/BookingScript.git
   b6140c7..0b1d178  feature-JWT -> feature-JWT
To https://github.com/ColeBranston/BookingScript.git
   9b7fdd4..a9d9e7c  main -> main
warning: in the working copy of 'error.log', LF will be replaced by CRLF the next time Git touches it
To https://github.com/ColeBranston/BookingScript.git
   2d7b8bc..6b4b298  main -> main
warning: in the working copy of 'error.log', LF will be replaced by CRLF the next time Git touches it
To https://github.com/ColeBranston/BookingScript.git
   6b4b298..89ae049  main -> main
warning: in the working copy of 'error.log', LF will be replaced by CRLF the next time Git touches it
To https://github.com/ColeBranston/BookingScript.git
   89ae049..9b36f8f  main -> main
warning: in the working copy of 'error.log', LF will be replaced by CRLF the next time Git touches it
To https://github.com/ColeBranston/BookingScript.git
   9b36f8f..f3f06ad  main -> main
warning: in the working copy of 'error.log', LF will be replaced by CRLF the next time Git touches it
To https://github.com/ColeBranston/BookingScript.git
   f3f06ad..d42beb0  main -> main
warning: in the working copy of 'error.log', LF will be replaced by CRLF the next time Git touches it
To https://github.com/ColeBranston/BookingScript.git
   d42beb0..3b7e991  main -> main
warning: in the working copy of 'error.log', LF will be replaced by CRLF the next time Git touches it
To https://github.com/ColeBranston/BookingScript.git
   3b7e991..8bb8405  main -> main
warning: in the working copy of 'error.log', LF will be replaced by CRLF the next time Git touches it
To https://github.com/ColeBranston/BookingScript.git
   8bb8405..1feb2a9  main -> main
warning: in the working copy of 'error.log', LF will be replaced by CRLF the next time Git touches it
To https://github.com/ColeBranston/BookingScript.git
   1feb2a9..3055a5c  main -> main
warning: in the working copy of 'error.log', LF will be replaced by CRLF the next time Git touches it
To https://github.com/ColeBranston/BookingScript.git
   3055a5c..f033915  main -> main
warning: in the working copy of 'error.log', LF will be replaced by CRLF the next time Git touches it
To https://github.com/ColeBranston/BookingScript.git
   f033915..fb6367c  main -> main
warning: in the working copy of 'error.log', LF will be replaced by CRLF the next time Git touches it
To https://github.com/ColeBranston/BookingScript.git
   fb6367c..cc95ca2  main -> main
warning: in the working copy of 'error.log', LF will be replaced by CRLF the next time Git touches it
To https://github.com/ColeBranston/BookingScript.git
   cc95ca2..e235350  main -> main
warning: in the working copy of 'error.log', LF will be replaced by CRLF the next time Git touches it
To https://github.com/ColeBranston/BookingScript.git
   e235350..1ea7dbc  main -> main
warning: in the working copy of 'error.log', LF will be replaced by CRLF the next time Git touches it
To https://github.com/ColeBranston/BookingScript.git
   1ea7dbc..0e3dd77  main -> main
warning: in the working copy of 'error.log', LF will be replaced by CRLF the next time Git touches it
To https://github.com/ColeBranston/BookingScript.git
   0e3dd77..7ada9f0  main -> main
warning: in the working copy of 'error.log', LF will be replaced by CRLF the next time Git touches it
To https://github.com/ColeBranston/BookingScript.git
   7ada9f0..ec0bbad  main -> main
warning: in the working copy of 'error.log', LF will be replaced by CRLF the next time Git touches it
To https://github.com/ColeBranston/BookingScript.git
   ec0bbad..2942697  main -> main
warning: in the working copy of 'error.log', LF will be replaced by CRLF the next time Git touches it
To https://github.com/ColeBranston/BookingScript.git
   2942697..3e4de7a  main -> main
warning: in the working copy of 'error.log', LF will be replaced by CRLF the next time Git touches it
To https://github.com/ColeBranston/BookingScript.git
   3e4de7a..b3f416a  main -> main
warning: in the working copy of 'error.log', LF will be replaced by CRLF the next time Git touches it
To https://github.com/ColeBranston/BookingScript.git
   b3f416a..45edd2e  main -> main
To https://github.com/ColeBranston/BookingScript.git
   a6ec128..ec29371  main -> main
warning: in the working copy of 'error.log', LF will be replaced by CRLF the next time Git touches it
To https://github.com/ColeBranston/BookingScript.git
   ec29371..7bfdd21  main -> main
warning: in the working copy of 'error.log', LF will be replaced by CRLF the next time Git touches it
To https://github.com/ColeBranston/BookingScript.git
   7bfdd21..a45297f  main -> main
warning: in the working copy of 'error.log', LF will be replaced by CRLF the next time Git touches it
To https://github.com/ColeBranston/BookingScript.git
   a45297f..c7fda4e  main -> main
warning: in the working copy of 'error.log', LF will be replaced by CRLF the next time Git touches it
To https://github.com/ColeBranston/BookingScript.git
   c7fda4e..47aa0ed  main -> main
warning: in the working copy of 'error.log', LF will be replaced by CRLF the next time Git touches it
To https://github.com/ColeBranston/BookingScript.git
   47aa0ed..707f2b6  main -> main
warning: in the working copy of 'error.log', LF will be replaced by CRLF the next time Git touches it
To https://github.com/ColeBranston/BookingScript.git
   707f2b6..bbeaa1c  main -> main
warning: in the working copy of 'error.log', LF will be replaced by CRLF the next time Git touches it
To https://github.com/ColeBranston/BookingScript.git
   bbeaa1c..9dba9f4  main -> main
warning: in the working copy of 'error.log', LF will be replaced by CRLF the next time Git touches it
To https://github.com/ColeBranston/BookingScript.git
   9dba9f4..de3e732  main -> main
warning: in the working copy of 'error.log', LF will be replaced by CRLF the next time Git touches it
To https://github.com/ColeBranston/BookingScript.git
   de3e732..391e1cc  main -> main
warning: in the working copy of 'error.log', LF will be replaced by CRLF the next time Git touches it
To https://github.com/ColeBranston/BookingScript.git
   391e1cc..c50030a  main -> main
warning: in the working copy of 'error.log', LF will be replaced by CRLF the next time Git touches it
To https://github.com/ColeBranston/BookingScript.git
   c50030a..e586d67  main -> main
warning: in the working copy of 'error.log', LF will be replaced by CRLF the next time Git touches it
To https://github.com/ColeBranston/BookingScript.git
   e586d67..f128802  main -> main
warning: in the working copy of 'error.log', LF will be replaced by CRLF the next time Git touches it
To https://github.com/ColeBranston/BookingScript.git
   f128802..26fbdec  main -> main
warning: in the working copy of 'error.log', LF will be replaced by CRLF the next time Git touches it
To https://github.com/ColeBranston/BookingScript.git
   26fbdec..b729acd  main -> main
warning: in the working copy of 'error.log', LF will be replaced by CRLF the next time Git touches it
To https://github.com/ColeBranston/BookingScript.git
   b729acd..1b6308c  main -> main
